<?xml version="1.0" encoding="UTF-8"?>
<!-- Generated by org.testng.reporters.JUnitReportReporter -->
<testsuite hostname="DESKTOP-ER6K7M5" failures="0" tests="1" name="demo.DualListBoxForm" time="12.550" errors="0" timestamp="2023-05-26T12:41:56 EDT" skipped="0">
  <testcase classname="demo.DualListBoxForm" name="popup" time="12.550"/>
  <system-out/>
</testsuite> <!-- demo.DualListBoxForm -->
