<?xml version="1.0" encoding="UTF-8"?>
<!-- Generated by org.testng.reporters.JUnitReportReporter -->
<testsuite hostname="DESKTOP-ER6K7M5" failures="0" tests="1" name="demo.WindowPopupForm" time="11.195" errors="0" timestamp="2023-05-30T14:44:15 EDT" skipped="0">
  <testcase classname="demo.WindowPopupForm" name="popup" time="11.195"/>
  <system-out/>
</testsuite> <!-- demo.WindowPopupForm -->
