<?xml version="1.0" encoding="UTF-8"?>
<!-- Generated by org.testng.reporters.JUnitReportReporter -->
<testsuite hostname="DESKTOP-ER6K7M5" failures="0" tests="1" name="demo.InputFormsTest" time="4.058" errors="0" timestamp="2023-05-23T12:21:20 EDT" skipped="0">
  <testcase classname="demo.InputFormsTest" name="multipleCheckbox" time="4.058"/>
  <system-out/>
</testsuite> <!-- demo.InputFormsTest -->
