<?xml version="1.0" encoding="UTF-8"?>
<!-- Generated by org.testng.reporters.JUnitReportReporter -->
<testsuite hostname="DESKTOP-ER6K7M5" failures="0" tests="1" name="demo.SimpleForm" time="0.510" errors="0" timestamp="2023-05-31T16:10:21 EDT" skipped="0">
  <testcase classname="demo.SimpleForm" name="simpleInputForm" time="0.510"/>
  <system-out/>
</testsuite> <!-- demo.SimpleForm -->
