<?xml version="1.0" encoding="UTF-8"?>
<!-- Generated by org.testng.reporters.JUnitReportReporter -->
<testsuite hostname="DESKTOP-ER6K7M5" failures="0" tests="1" name="demo.TableSortAndSearchForm" time="0.899" errors="0" timestamp="2023-05-31T16:10:21 EDT" skipped="0">
  <testcase classname="demo.TableSortAndSearchForm" name="table" time="0.899"/>
  <system-out/>
</testsuite> <!-- demo.TableSortAndSearchForm -->
