<?xml version="1.0" encoding="UTF-8"?>
<!-- Generated by org.testng.reporters.JUnitReportReporter -->
<testsuite hostname="DESKTOP-ER6K7M5" failures="0" tests="1" name="demo.SelectForm" time="5.291" errors="0" timestamp="2023-05-30T14:51:15 EDT" skipped="0">
  <testcase classname="demo.SelectForm" name="selectForm" time="5.291"/>
  <system-out/>
</testsuite> <!-- demo.SelectForm -->
